Version 5.0
0,4: CLASSsym 4: 1(MyRecord) 2 40[case] 5
1,10: TYPEname 8: MyRecord
2,20: EXTMODCLASSref 1: 3(models)
3,23: TERMname 6: models
4,31: NONEsym 0:
5,33: CLASSINFOtpe 4: 0 6 12 15
6,39: TYPEREFtpe 2: 7 10
7,43: THIStpe 1: 8
8,46: EXTMODCLASSref 1: 9(scala)
9,49: TERMname 5: scala
10,56: EXTref 2: 11(AnyRef) 8
11,60: TYPEname 6: AnyRef
12,68: TYPEREFtpe 2: 7 13
13,72: EXTref 2: 14(Product) 8
14,76: TYPEname 7: Product
15,85: TYPEREFtpe 2: 7 16
16,89: EXTref 2: 17(Serializable) 8
17,93: TYPEname 12: Serializable
18,107: VALsym 8: 19(x) 0 29400200[<method> <stable> <caseaccessor> <accessor> <paramaccessor>] 20
19,117: TERMname 1: x
20,120: POLYtpe 1: 21
21,123: TYPEREFtpe 2: 22 25
22,127: SINGLEtpe 2: 7 23
23,131: EXTref 2: 24(Predef) 8
24,135: TERMname 6: Predef
25,143: EXTref 2: 26(String) 27
26,147: TYPEname 6: String
27,155: EXTMODCLASSref 2: 24(Predef) 8
28,159: VALsym 8: 29(x ) 0 21080004[private <local> <caseaccessor> <paramaccessor>] 21
29,169: TERMname 2: x 
30,173: VALsym 5: 31(<init>) 0 200[<method>] 32
31,180: TERMname 6: <init>
32,188: METHODtpe 2: 33 35
33,192: TYPEREFtpe 2: 34 0
34,196: THIStpe 1: 2
35,199: VALsym 5: 19(x) 30 2000[<param>] 21
36,206: VALsym 7: 37(copy) 0 200200[<method> <synthetic>] 38
37,215: TERMname 4: copy
38,221: METHODtpe 2: 33 39
39,225: VALsym 7: 19(x) 36 2002000[<param> <defaultparam/trait>] 21
40,234: VALsym 7: 41(copy$default$1) 0 2200200[<method> <synthetic> <defaultparam/trait>] 42
41,243: TERMname 14: copy$default$1
42,259: POLYtpe 1: 43
43,262: ANNOTATEDtpe 2: 21 44
44,266: ANNOTINFO 1: 45
45,269: TYPEREFtpe 2: 46 51
46,273: THIStpe 1: 47
47,276: EXTMODCLASSref 2: 48(unchecked) 49
48,280: TERMname 9: unchecked
49,291: EXTMODCLASSref 2: 50(annotation) 8
50,295: TERMname 10: annotation
51,307: EXTref 2: 52(uncheckedVariance) 47
52,311: TYPEname 17: uncheckedVariance
53,330: VALsym 7: 54(productPrefix) 0 200220[<method> override <synthetic>] 55
54,339: TERMname 13: productPrefix
55,354: POLYtpe 1: 56
56,357: TYPEREFtpe 2: 57 62
57,361: THIStpe 1: 58
58,364: EXTMODCLASSref 2: 59(lang) 60
59,368: TERMname 4: lang
60,374: EXTMODCLASSref 1: 61(java)
61,377: TERMname 4: java
62,383: EXTref 2: 26(String) 58
63,387: VALsym 7: 64(productArity) 0 200200[<method> <synthetic>] 65
64,396: TERMname 12: productArity
65,410: POLYtpe 1: 66
66,413: TYPEREFtpe 2: 7 67
67,417: EXTref 2: 68(Int) 8
68,421: TYPEname 3: Int
69,426: VALsym 7: 70(productElement) 0 200200[<method> <synthetic>] 71
70,435: TERMname 14: productElement
71,451: METHODtpe 2: 72 75
72,455: TYPEREFtpe 2: 7 73
73,459: EXTref 2: 74(Any) 8
74,463: TYPEname 3: Any
75,468: VALsym 7: 76(x$1) 69 202000[<param> <synthetic>] 66
76,477: TERMname 3: x$1
77,482: VALsym 7: 78(productIterator) 0 200220[<method> override <synthetic>] 79
78,491: TERMname 15: productIterator
79,508: POLYtpe 1: 80
80,511: TYPEREFtpe 3: 81 84 72
81,516: THIStpe 1: 82
82,519: EXTMODCLASSref 2: 83(collection) 8
83,523: TERMname 10: collection
84,535: EXTref 2: 85(Iterator) 82
85,539: TYPEname 8: Iterator
86,549: VALsym 7: 87(canEqual) 0 200200[<method> <synthetic>] 88
87,558: TERMname 8: canEqual
88,568: METHODtpe 2: 89 92
89,572: TYPEREFtpe 2: 7 90
90,576: EXTref 2: 91(Boolean) 8
91,580: TYPEname 7: Boolean
92,589: VALsym 7: 76(x$1) 86 202000[<param> <synthetic>] 72
93,598: VALsym 7: 94(hashCode) 0 200220[<method> override <synthetic>] 95
94,607: TERMname 8: hashCode
95,617: METHODtpe 1: 66
96,620: VALsym 7: 97(toString) 0 200220[<method> override <synthetic>] 98
97,629: TERMname 8: toString
98,639: METHODtpe 1: 56
99,642: VALsym 7: 100(equals) 0 200220[<method> override <synthetic>] 101
100,651: TERMname 6: equals
101,659: METHODtpe 2: 89 102
102,663: VALsym 7: 76(x$1) 99 202000[<param> <synthetic>] 72
103,672: MODULEsym 7: 104(MyRecord) 2 200400[<module> <synthetic>] 105
104,681: TERMname 8: MyRecord
105,691: TYPEREFtpe 2: 34 106
106,695: CLASSsym 7: 1(MyRecord) 2 200400[<module> <synthetic>] 107
107,704: CLASSINFOtpe 3: 106 108 15
108,709: TYPEREFtpe 4: 109 112 21 33
109,715: THIStpe 1: 110
110,718: EXTMODCLASSref 2: 111(runtime) 8
111,722: TERMname 7: runtime
112,731: EXTref 2: 113(AbstractFunction1) 110
113,735: TYPEname 17: AbstractFunction1
114,754: VALsym 5: 31(<init>) 106 200[<method>] 115
115,761: METHODtpe 1: 105
116,764: VALsym 7: 97(toString) 106 200222[<method> final override <synthetic>] 98
117,773: VALsym 7: 118(apply) 106 200240[<method> case <synthetic>] 119
118,782: TERMname 5: apply
119,789: METHODtpe 2: 33 120
120,793: VALsym 5: 19(x) 117 2000[<param>] 21
121,800: VALsym 7: 122(unapply) 106 200240[<method> case <synthetic>] 123
122,809: TERMname 7: unapply
123,818: METHODtpe 2: 124 127
124,822: TYPEREFtpe 3: 7 125 21
125,827: EXTref 2: 126(Option) 8
126,831: TYPEname 6: Option
127,839: VALsym 8: 128(x$0) 121 202000[<param> <synthetic>] 33
128,849: TERMname 3: x$0
129,854: VALsym 9: 130(readResolve) 106 200204[<method> private <synthetic>] 131
130,865: TERMname 11: readResolve
131,878: METHODtpe 2: 132
132,882: TYPEREFtpe 3: 57 133
133,887: EXTref 3: 134(Object) 58
134,892: TYPEname 6: Object
